0 info it worked if it ends with ok
1 verbose cli [ '/Users/codesmith/.nvm/versions/node/v5.9.1/bin/node',
1 verbose cli   '/Users/codesmith/.nvm/versions/node/v5.9.1/bin/npm',
1 verbose cli   'run',
1 verbose cli   'gh-deploy' ]
2 info using npm@3.7.3
3 info using node@v5.9.1
4 verbose run-script [ 'pregh-deploy', 'gh-deploy', 'postgh-deploy' ]
5 info lifecycle blue-greenway@0.0.1~pregh-deploy: blue-greenway@0.0.1
6 silly lifecycle blue-greenway@0.0.1~pregh-deploy: no script for pregh-deploy, continuing
7 info lifecycle blue-greenway@0.0.1~gh-deploy: blue-greenway@0.0.1
8 verbose lifecycle blue-greenway@0.0.1~gh-deploy: unsafe-perm in lifecycle true
9 verbose lifecycle blue-greenway@0.0.1~gh-deploy: PATH: /Users/codesmith/.nvm/versions/node/v5.9.1/lib/node_modules/npm/bin/node-gyp-bin:/Applications/MAMP/htdocs_bgw/node_modules/.bin:/Users/codesmith/.nvm/versions/node/v5.9.1/bin:/Users/codesmith/.nvm/versions/node/v5.9.1/bin:/Users/codesmith/.local/bin:/Users/codesmith/vendor/bin:/Applications/MAMP/bin/php/php7.3.21/bin:/Applications/MAMP/Library/bin:/Users/codesmith/.composer/vendor/bin:/usr/local/git/bin:/Users/codesmith/bin:/usr/local/bin:/usr/bin:/usr/local/sbin:/usr/sbin:/bin:/sbin:/usr/libexec
10 verbose lifecycle blue-greenway@0.0.1~gh-deploy: CWD: /Applications/MAMP/htdocs_bgw
11 silly lifecycle blue-greenway@0.0.1~gh-deploy: Args: [ '-c',
11 silly lifecycle   'npm run dist && git-directory-deploy --directory dist/' ]
12 silly lifecycle blue-greenway@0.0.1~gh-deploy: Returned: code: 1  signal: null
13 info lifecycle blue-greenway@0.0.1~gh-deploy: Failed to exec gh-deploy script
14 verbose stack Error: blue-greenway@0.0.1 gh-deploy: `npm run dist && git-directory-deploy --directory dist/`
14 verbose stack Exit status 1
14 verbose stack     at EventEmitter.<anonymous> (/Users/codesmith/.nvm/versions/node/v5.9.1/lib/node_modules/npm/lib/utils/lifecycle.js:239:16)
14 verbose stack     at emitTwo (events.js:100:13)
14 verbose stack     at EventEmitter.emit (events.js:185:7)
14 verbose stack     at ChildProcess.<anonymous> (/Users/codesmith/.nvm/versions/node/v5.9.1/lib/node_modules/npm/lib/utils/spawn.js:24:14)
14 verbose stack     at emitTwo (events.js:100:13)
14 verbose stack     at ChildProcess.emit (events.js:185:7)
14 verbose stack     at maybeClose (internal/child_process.js:850:16)
14 verbose stack     at Process.ChildProcess._handle.onexit (internal/child_process.js:215:5)
15 verbose pkgid blue-greenway@0.0.1
16 verbose cwd /Applications/MAMP/htdocs_bgw
17 error Darwin 18.7.0
18 error argv "/Users/codesmith/.nvm/versions/node/v5.9.1/bin/node" "/Users/codesmith/.nvm/versions/node/v5.9.1/bin/npm" "run" "gh-deploy"
19 error node v5.9.1
20 error npm  v3.7.3
21 error code ELIFECYCLE
22 error blue-greenway@0.0.1 gh-deploy: `npm run dist && git-directory-deploy --directory dist/`
22 error Exit status 1
23 error Failed at the blue-greenway@0.0.1 gh-deploy script 'npm run dist && git-directory-deploy --directory dist/'.
23 error Make sure you have the latest version of node.js and npm installed.
23 error If you do, this is most likely a problem with the blue-greenway package,
23 error not with npm itself.
23 error Tell the author that this fails on your system:
23 error     npm run dist && git-directory-deploy --directory dist/
23 error You can get information on how to open an issue for this project with:
23 error     npm bugs blue-greenway
23 error Or if that isn't available, you can get their info via:
23 error     npm owner ls blue-greenway
23 error There is likely additional logging output above.
24 verbose exit [ 1, true ]
